"../../../../../Create/Projects/Unreal/GamitronicsTest/Content/Maps/Test.uasset" 0
"../../../../../Create/Projects/Unreal/GamitronicsTest/Content/Materials/M_Ammo.uasset" 1
"../../../../../Create/Projects/Unreal/GamitronicsTest/Content/StaticMeshes/Bullets.uasset" 2
"../../../../../Create/Projects/Unreal/GamitronicsTest/Content/StaticMeshes/Sphere/BaseMaterial.uasset" 3
"../../../../../Create/Projects/Unreal/GamitronicsTest/Content/StaticMeshes/Sphere/OrangeMaterial.uasset" 4
"../../../../../Create/Projects/Unreal/GamitronicsTest/Content/StaticMeshes/Sphere/TwinStickProjectile.uasset" 5
"../../../../../Create/Projects/Unreal/GamitronicsTest/Content/Materials/M_Power.uasset" 6
"../../../../../Create/Projects/Unreal/GamitronicsTest/Content/StaticMeshes/SpherePickUp.uasset" 7
"../../../../../Create/Projects/Unreal/GamitronicsTest/Content/Blueprints/MyPIckUp.uasset" 8
"../../../Engine/Content/Animation/DefaultAnimBoneCompressionSettings.uasset" 9
"../../../../../Create/Projects/Unreal/GamitronicsTest/Content/SkeletalMeshes/Character/Mesh/UE4_Mannequin_Skeleton.uasset" 10
"../../../../../Create/Projects/Unreal/GamitronicsTest/Content/SkeletalMeshes/Character/Animations/AnimSequences/Idle_Rifle_Hip.uasset" 11
"../../../../../Create/Projects/Unreal/GamitronicsTest/Content/SkeletalMeshes/Character/Animations/AnimSequences/Aim_Space_Back.uasset" 12
"../../../../../Create/Projects/Unreal/GamitronicsTest/Content/SkeletalMeshes/Character/Animations/AnimSequences/Aim_Space_Fwd.uasset" 13
"../../../../../Create/Projects/Unreal/GamitronicsTest/Content/SkeletalMeshes/Character/Animations/AnimSequences/Aim_Space_Left.uasset" 14
"../../../../../Create/Projects/Unreal/GamitronicsTest/Content/SkeletalMeshes/Character/Animations/AnimSequences/Aim_Space_Right.uasset" 15
"../../../../../Create/Projects/Unreal/GamitronicsTest/Content/SkeletalMeshes/Character/Animations/AO_Aim.uasset" 16
"../../../../../Create/Projects/Unreal/GamitronicsTest/Content/SkeletalMeshes/Character/Animations/AnimSequences/Jog_Fwd_Rifle.uasset" 17
"../../../../../Create/Projects/Unreal/GamitronicsTest/Content/SkeletalMeshes/Character/Animations/BS_Loco.uasset" 18
"../../../../../Create/Projects/Unreal/GamitronicsTest/Content/SkeletalMeshes/Character/Animations/ABP_PlayerChar.uasset" 19
"../../../../../Create/Projects/Unreal/GamitronicsTest/Content/SkeletalMeshes/Character/Animations/AnimSequences/Death_1.uasset" 20
"../../../../../Create/Projects/Unreal/GamitronicsTest/Content/SkeletalMeshes/Character/Animations/AnimSequences/AM_Fire.uasset" 21
"../../../../../Create/Projects/Unreal/GamitronicsTest/Content/Blueprints/Actors/BP_GunProjectile.uasset" 22
"../../../Engine/Content/Functions/Engine_MaterialFunctions02/Utility/BlendAngleCorrectedNormals.uasset" 23
"../../../Engine/Content/Functions/MaterialLayerFunctions/MatLayerBlend_NormalBlend.uasset" 24
"../../../Engine/Content/Functions/MaterialLayerFunctions/MatLayerBlend_Simple.uasset" 25
"../../../../../Create/Projects/Unreal/GamitronicsTest/Content/SkeletalMeshes/Character/Materials/MaterialLayers/T_ML_Rubber_Blue_01_D.uasset" 26
"../../../../../Create/Projects/Unreal/GamitronicsTest/Content/SkeletalMeshes/Character/Materials/MaterialLayers/T_ML_Rubber_Blue_01_N.uasset" 27
"../../../../../Create/Projects/Unreal/GamitronicsTest/Content/SkeletalMeshes/Character/Materials/MaterialLayers/ML_GlossyBlack_Latex_UE4.uasset" 28
"../../../../../Create/Projects/Unreal/GamitronicsTest/Content/SkeletalMeshes/Character/Materials/MaterialLayers/ML_Plastic_Shiny_Beige.uasset" 29
"../../../../../Create/Projects/Unreal/GamitronicsTest/Content/SkeletalMeshes/Character/Textures/UE4_LOGO_CARD.uasset" 30
"../../../../../Create/Projects/Unreal/GamitronicsTest/Content/SkeletalMeshes/Character/Materials/MaterialLayers/ML_Plastic_Shiny_Beige_LOGO.uasset" 31
"../../../../../Create/Projects/Unreal/GamitronicsTest/Content/SkeletalMeshes/Character/Materials/MaterialLayers/T_ML_Aluminum01.uasset" 32
"../../../../../Create/Projects/Unreal/GamitronicsTest/Content/SkeletalMeshes/Character/Materials/MaterialLayers/T_ML_Aluminum01_N.uasset" 33
"../../../../../Create/Projects/Unreal/GamitronicsTest/Content/SkeletalMeshes/Character/Materials/MaterialLayers/ML_SoftMetal_UE4.uasset" 34
"../../../../../Create/Projects/Unreal/GamitronicsTest/Content/SkeletalMeshes/Character/Textures/UE4_Mannequin__normals.uasset" 35
"../../../../../Create/Projects/Unreal/GamitronicsTest/Content/SkeletalMeshes/Character/Textures/UE4_Mannequin_MAT_MASKA.uasset" 36
"../../../../../Create/Projects/Unreal/GamitronicsTest/Content/SkeletalMeshes/Character/Materials/M_UE4Man_Body.uasset" 37
"../../../../../Create/Projects/Unreal/GamitronicsTest/Content/SkeletalMeshes/Character/Textures/UE4Man_Logo_N.uasset" 38
"../../../../../Create/Projects/Unreal/GamitronicsTest/Content/SkeletalMeshes/Character/Materials/M_UE4Man_ChestLogo.uasset" 39
"../../../../../Create/Projects/Unreal/GamitronicsTest/Content/SkeletalMeshes/Character/Mesh/SK_Mannequin_PhysicsAsset.uasset" 40
"../../../../../Create/Projects/Unreal/GamitronicsTest/Content/SkeletalMeshes/Character/Mesh/SK_Mannequin.uasset" 41
"../../../../../Create/Projects/Unreal/GamitronicsTest/Content/SkeletalMeshes/FPWeapon/Materials/MaterialLayers/T_ML_Rubber_Blue_01_D.uasset" 42
"../../../../../Create/Projects/Unreal/GamitronicsTest/Content/SkeletalMeshes/FPWeapon/Materials/MaterialLayers/T_ML_Rubber_Blue_01_N.uasset" 43
"../../../../../Create/Projects/Unreal/GamitronicsTest/Content/SkeletalMeshes/FPWeapon/Materials/MaterialLayers/ML_GlossyBlack_Latex_UE4.uasset" 44
"../../../../../Create/Projects/Unreal/GamitronicsTest/Content/SkeletalMeshes/FPWeapon/Materials/MaterialLayers/ML_Plastic_Shiny_Beige.uasset" 45
"../../../../../Create/Projects/Unreal/GamitronicsTest/Content/SkeletalMeshes/FPWeapon/Materials/MaterialLayers/ML_Screen.uasset" 46
"../../../../../Create/Projects/Unreal/GamitronicsTest/Content/SkeletalMeshes/FPWeapon/Materials/MaterialLayers/T_ML_Aluminum01.uasset" 47
"../../../../../Create/Projects/Unreal/GamitronicsTest/Content/SkeletalMeshes/FPWeapon/Materials/MaterialLayers/T_ML_Aluminum01_N.uasset" 48
"../../../../../Create/Projects/Unreal/GamitronicsTest/Content/SkeletalMeshes/FPWeapon/Materials/MaterialLayers/ML_SoftMetal_UE4.uasset" 49
"../../../../../Create/Projects/Unreal/GamitronicsTest/Content/SkeletalMeshes/FPWeapon/Textures/T_FPGun_M.uasset" 50
"../../../../../Create/Projects/Unreal/GamitronicsTest/Content/SkeletalMeshes/FPWeapon/Textures/T_FPGun_N.uasset" 51
"../../../../../Create/Projects/Unreal/GamitronicsTest/Content/SkeletalMeshes/FPWeapon/Materials/M_FPGun.uasset" 52
"../../../../../Create/Projects/Unreal/GamitronicsTest/Content/SkeletalMeshes/FPWeapon/Mesh/SK_FPGun_Skeleton.uasset" 53
"../../../../../Create/Projects/Unreal/GamitronicsTest/Content/SkeletalMeshes/FPWeapon/Mesh/SK_FPGun.uasset" 54
"../../../../../Create/Projects/Unreal/GamitronicsTest/Content/Blueprints/Actors/Chars/PlayerChar_Game.uasset" 55
"../../../Engine/Content/EditorBlueprintResources/StandardMacros.uasset" 56
"../../../../../Create/Projects/Unreal/GamitronicsTest/Content/UI/WB_HUD_Gauge.uasset" 57
"../../../../../Create/Projects/Unreal/GamitronicsTest/Content/UI/WB_GameHUD.uasset" 58
"../../../../../Create/Projects/Unreal/GamitronicsTest/Content/UI/WB_GameOVer.uasset" 59
"../../../../../Create/Projects/Unreal/GamitronicsTest/Content/Blueprints/Gameplay/Ctrl_Game.uasset" 60
"../../../../../Create/Projects/Unreal/GamitronicsTest/Content/UI/WB_MainMenu_Text.uasset" 61
"../../../../../Create/Projects/Unreal/GamitronicsTest/Content/UI/WB_MainMenu.uasset" 62
"../../../../../Create/Projects/Unreal/GamitronicsTest/Content/Blueprints/Gameplay/Ctrl_MainMenu.uasset" 63
"../../../../../Create/Projects/Unreal/GamitronicsTest/Content/Materials/M_Char.uasset" 64
"../../../../../Create/Projects/Unreal/GamitronicsTest/Content/Materials/MI_Char_Player.uasset" 65
"../../../../../Create/Projects/Unreal/GamitronicsTest/Content/Materials/M_Drink.uasset" 66
"../../../../../Create/Projects/Unreal/GamitronicsTest/Content/Materials/M_Power1.uasset" 67
"../../../../../Create/Projects/Unreal/GamitronicsTest/Content/SkeletalMeshes/Character/Animations/AnimSequences/Aim_Space_04.uasset" 68
"../../../../../Create/Projects/Unreal/GamitronicsTest/Content/SkeletalMeshes/Character/Animations/AnimSequences/Aim_Space_05.uasset" 69
"../../../../../Create/Projects/Unreal/GamitronicsTest/Content/SkeletalMeshes/Character/Animations/AnimSequences/Aim_Space_Hip.uasset" 70
"../../../../../Create/Projects/Unreal/GamitronicsTest/Content/SkeletalMeshes/Character/Animations/AnimSequences/Death_2.uasset" 71
"../../../../../Create/Projects/Unreal/GamitronicsTest/Content/SkeletalMeshes/Character/Animations/AnimSequences/Death_3.uasset" 72
"../../../../../Create/Projects/Unreal/GamitronicsTest/Content/SkeletalMeshes/Character/Animations/AnimSequences/Fire_Rifle_Hip.uasset" 73
"../../../../../Create/Projects/Unreal/GamitronicsTest/Content/SkeletalMeshes/Character/Animations/AnimSequences/Jog_Bwd_Rifle.uasset" 74
"../../../../../Create/Projects/Unreal/GamitronicsTest/Content/SkeletalMeshes/Character/Animations/AnimSequences/Jog_Lt_Rifle.uasset" 75
"../../../../../Create/Projects/Unreal/GamitronicsTest/Content/SkeletalMeshes/Character/Animations/AnimSequences/Jog_Rt_Rifle.uasset" 76
"../../../../../Create/Projects/Unreal/GamitronicsTest/Content/SkeletalMeshes/Character/Animations/AnimSequences/ThirdPersonIdle.uasset" 77
"../../../../../Create/Projects/Unreal/GamitronicsTest/Content/SkeletalMeshes/Character/Animations/AnimSequences/ThirdPersonJump_End.uasset" 78
"../../../../../Create/Projects/Unreal/GamitronicsTest/Content/SkeletalMeshes/Character/Animations/AnimSequences/ThirdPersonJump_Loop.uasset" 79
"../../../../../Create/Projects/Unreal/GamitronicsTest/Content/SkeletalMeshes/Character/Animations/AnimSequences/ThirdPersonJump_Start.uasset" 80
"../../../../../Create/Projects/Unreal/GamitronicsTest/Content/SkeletalMeshes/Character/Animations/AnimSequences/ThirdPersonRun.uasset" 81
"../../../../../Create/Projects/Unreal/GamitronicsTest/Content/SkeletalMeshes/Character/Animations/AnimSequences/ThirdPersonWalk.uasset" 82
"../../../../../Create/Projects/Unreal/GamitronicsTest/Content/SkeletalMeshes/Character/Animations/AnimSequences/ThirdPerson_Jump.uasset" 83
"../../../../../Create/Projects/Unreal/GamitronicsTest/Content/SkeletalMeshes/Character/Animations/AnimSequences/UE4_Mannequin_Skeleton_Sequence.uasset" 84
"../../../../../Create/Projects/Unreal/GamitronicsTest/Content/SkeletalMeshes/Character/Animations/AnimSequences/Walk_Bwd_Rifle_Ironsights.uasset" 85
"../../../../../Create/Projects/Unreal/GamitronicsTest/Content/SkeletalMeshes/Character/Animations/AnimSequences/Walk_Fwd_Rifle_Ironsights.uasset" 86
"../../../../../Create/Projects/Unreal/GamitronicsTest/Content/SkeletalMeshes/Character/Animations/AnimSequences/Walk_Lt_Rifle_Ironsights.uasset" 87
"../../../../../Create/Projects/Unreal/GamitronicsTest/Content/SkeletalMeshes/Character/Animations/AnimSequences/Walk_Rt_Rifle_Ironsights.uasset" 88
"../../../Engine/Content/Functions/Engine_MaterialFunctions01/Opacity/CameraDepthFade.uasset" 89
"../../../Engine/Content/EngineMaterials/T_Default_Material_Grid_M.uasset" 90
"../../../Engine/Content/EngineMaterials/T_Default_Material_Grid_N.uasset" 91
"../../../Engine/Content/EngineMaterials/WorldGridMaterial.uasset" 92
"../../../../../Create/Projects/Unreal/GamitronicsTest/Content/StaticMeshes/Drink.uasset" 93
"../../../Engine/Content/Animation/DefaultAnimCurveCompressionSettings.uasset" 94
"../../../Engine/Content/ArtTools/RenderToTexture/Meshes/S_1_Unit_Plane.uasset" 95
"../../../Engine/Content/EngineMaterials/DefaultMaterial.uasset" 96
"../../../Engine/Content/BasicShapes/Cone.uasset" 97
"../../../Engine/Content/BasicShapes/Cube.uasset" 98
"../../../Engine/Content/BasicShapes/Cylinder.uasset" 99
"../../../Engine/Content/BasicShapes/Plane.uasset" 100
"../../../Engine/Content/BasicShapes/Sphere.uasset" 101
"../../../Engine/Content/EditorLandscapeResources/DataLayer.uasset" 102
"../../../Engine/Content/EditorMaterials/MAT_Groups_Toggle.uasset" 103
"../../../Engine/Content/EditorMaterials/MAT_Groups_Visibility.uasset" 104
"../../../Engine/Content/EditorMaterials/PreviewShadowIndicator.uasset" 105
"../../../Engine/Content/EditorMaterials/PreviewShadowIndicatorMaterial.uasset" 106
"../../../Engine/Content/EditorMaterials/MatineeGroups/MAT_ColorTrack.uasset" 107
"../../../Engine/Content/EditorMaterials/MatineeGroups/MAT_Groups_Anim.uasset" 108
"../../../Engine/Content/EditorMaterials/MatineeGroups/MAT_Groups_AudioMaster.uasset" 109
"../../../Engine/Content/EditorMaterials/MatineeGroups/MAT_Groups_Director.uasset" 110
"../../../Engine/Content/EditorMaterials/MatineeGroups/MAT_Groups_Event.uasset" 111
"../../../Engine/Content/EditorMaterials/MatineeGroups/MAT_Groups_Fade.uasset" 112
"../../../Engine/Content/EditorMaterials/MatineeGroups/MAT_Groups_Float.uasset" 113
"../../../Engine/Content/EditorMaterials/MatineeGroups/MAT_Groups_Move.uasset" 114
"../../../Engine/Content/EditorMaterials/MatineeGroups/MAT_Groups_Slomo.uasset" 115
"../../../Engine/Content/EditorMaterials/MatineeGroups/MAT_Groups_Sound.uasset" 116
"../../../Engine/Content/EditorMaterials/MatineeGroups/MAT_Groups_Vector.uasset" 117
"../../../Engine/Content/EditorMaterials/ParticleSystems/PSysThumbnail_NoImage.uasset" 118
"../../../Engine/Content/EditorMaterials/ParticleSystems/PSysThumbnail_OOD.uasset" 119
"../../../Engine/Content/EditorMaterials/Camera/CineMat.uasset" 120
"../../../Engine/Content/EditorMaterials/Camera/MI_CineMat_Rig.uasset" 121
"../../../Engine/Content/EditorMeshes/Camera/SM_CraneRig_Arm.uasset" 122
"../../../Engine/Content/EditorMeshes/Camera/SM_CraneRig_Base.uasset" 123
"../../../Engine/Content/EditorMeshes/Camera/SM_CraneRig_Body.uasset" 124
"../../../Engine/Content/EditorMeshes/Camera/SM_CraneRig_Mount.uasset" 125
"../../../Engine/Content/EditorMeshes/Camera/SM_RailRig_Mount.uasset" 126
"../../../Engine/Content/EditorMeshes/Camera/SM_RailRig_Track.uasset" 127
"../../../Engine/Content/EditorResources/BSPVertex.uasset" 128
"../../../Engine/Content/EditorResources/EmptyActor.uasset" 129
"../../../Engine/Content/EditorResources/S_Actor.uasset" 130
"../../../Engine/Content/EditorResources/S_Note.uasset" 131
"../../../Engine/Content/EditorResources/S_Solver.uasset" 132
"../../../Engine/Content/EditorResources/S_Trigger.uasset" 133
"../../../Engine/Content/EditorResources/SequenceRecorder/Countdown.uasset" 134
"../../../Engine/Content/EditorResources/SequenceRecorder/RecordingIndicator.uasset" 135
"../../../Engine/Content/EditorSounds/Notifications/CompileFailed.uasset" 136
"../../../Engine/Content/EditorSounds/Notifications/CompileFailed_Cue.uasset" 137
"../../../Engine/Content/EditorSounds/Notifications/CompileSuccess.uasset" 138
"../../../Engine/Content/EditorSounds/Notifications/CompileStart_Cue.uasset" 139
"../../../Engine/Content/EditorSounds/Notifications/CompileSuccess_Cue.uasset" 140
"../../../Engine/Content/EngineDamageTypes/DmgTypeBP_Environmental.uasset" 141
"../../../Engine/Content/EngineDebugMaterials/DebugEditorMaterial.uasset" 142
"../../../Engine/Content/EngineDebugMaterials/DebugMeshMaterial.uasset" 143
"../../../Engine/Content/EngineDebugMaterials/M_SimpleUnlitTranslucent.uasset" 144
"../../../Engine/Content/Functions/Engine_MaterialFunctions02/Utility/CameraDirectionVector.uasset" 145
"../../../Engine/Content/EngineDebugMaterials/VolumeToRender.uasset" 146
"../../../Engine/Content/EngineDebugMaterials/M_VolumeRenderSphereTracePP.uasset" 147
"../../../Engine/Content/EngineDebugMaterials/WireframeMaterial.uasset" 148
"../../../Engine/Content/EngineFonts/Faces/DroidSansFallback.uasset" 149
"../../../Engine/Content/EngineFonts/Faces/RobotoBold.uasset" 150
"../../../Engine/Content/EngineFonts/Faces/RobotoBoldItalic.uasset" 151
"../../../Engine/Content/EngineFonts/Faces/RobotoItalic.uasset" 152
"../../../Engine/Content/EngineFonts/Faces/RobotoLight.uasset" 153
"../../../Engine/Content/EngineFonts/Faces/RobotoRegular.uasset" 154
"../../../Engine/Content/EngineFonts/Roboto.uasset" 155
"../../../Engine/Content/EngineMaterials/BaseFlattenDiffuseMap.uasset" 156
"../../../Engine/Content/EngineMaterials/BaseFlattenEmissiveMap.uasset" 157
"../../../Engine/Content/EngineMaterials/BaseFlattenGrayscaleMap.uasset" 158
"../../../Engine/Content/EngineMaterials/BaseFlattenNormalMap.uasset" 159
"../../../Engine/Content/EngineMaterials/BaseFlattenMaterial.uasset" 160
"../../../Engine/Content/EngineMaterials/BlueNoise.uasset" 161
"../../../Engine/Content/EngineMaterials/DefaultBloomKernel.uasset" 162
"../../../Engine/Content/EngineMaterials/DefaultBokeh.uasset" 163
"../../../Engine/Content/EngineMaterials/DefaultDiffuse.uasset" 164
"../../../Engine/Content/EngineMaterials/DefaultDeferredDecalMaterial.uasset" 165
"../../../Engine/Content/EngineMaterials/DefaultLightFunctionMaterial.uasset" 166
"../../../Engine/Content/EngineMaterials/DefaultPhysicalMaterial.uasset" 167
"../../../Engine/Content/Functions/Engine_MaterialFunctions02/Utility/BreakOutFloat2Components.uasset" 168
"../../../Engine/Content/EngineMaterials/DefaultPostProcessMaterial.uasset" 169
"../../../Engine/Content/EngineFonts/RobotoDistanceField.uasset" 170
"../../../Engine/Content/EngineMaterials/DefaultTextMaterialOpaque.uasset" 171
"../../../Engine/Content/EngineMaterials/DefaultWhiteGrid.uasset" 172
"../../../Engine/Content/EngineMaterials/DefaultWhiteGrid_Low.uasset" 173
"../../../Engine/Content/EngineMaterials/EmissiveMeshMaterial.uasset" 174
"../../../Engine/Content/EngineMaterials/GizmoMaterial.uasset" 175
"../../../Engine/Content/EngineMaterials/Good64x64TilingNoiseHighFreq.uasset" 176
"../../../Engine/Content/EngineMaterials/MiniFont.uasset" 177
"../../../Engine/Content/EngineMaterials/InvalidLightmapSettings.uasset" 178
"../../../Engine/Content/EngineMaterials/M_InvalidLightmapSettings.uasset" 179
"../../../Engine/Content/Functions/Engine_MaterialFunctions02/WorldPositionOffset/CameraOffset.uasset" 180
"../../../Engine/Content/EngineMaterials/PhAT_JointLimitMaterial.uasset" 181
"../../../Engine/Content/EngineMaterials/PreintegratedSkinBRDF.uasset" 182
"../../../Engine/Content/EngineMaterials/RemoveSurfaceMaterial.uasset" 183
"../../../Engine/Content/EngineMaterials/WeightMapPlaceholderTexture.uasset" 184
"../../../Engine/Content/EngineResources/WhiteSquareTexture.uasset" 185
"../../../Engine/Content/EngineMaterials/Widget3DPassThrough.uasset" 186
"../../../Engine/Content/EngineMaterials/Widget3DPassThrough_Masked.uasset" 187
"../../../Engine/Content/EngineMaterials/Widget3DPassThrough_Opaque.uasset" 188
"../../../Engine/Content/EngineMaterials/Widget3DPassThrough_Masked_OneSided.uasset" 189
"../../../Engine/Content/EngineMaterials/Widget3DPassThrough_Opaque_OneSided.uasset" 190
"../../../Engine/Content/EngineMaterials/Widget3DPassThrough_Translucent.uasset" 191
"../../../Engine/Content/EngineMaterials/Widget3DPassThrough_Translucent_OneSided.uasset" 192
"../../../Engine/Content/EngineMeshes/Cylinder.uasset" 193
"../../../Engine/Content/EngineMeshes/Sphere.uasset" 194
"../../../Engine/Content/EngineResources/Black.uasset" 195
"../../../Engine/Content/EngineResources/DefaultTexture.uasset" 196
"../../../Engine/Content/EngineResources/DefaultTextureCube.uasset" 197
"../../../Engine/Content/EngineResources/DefaultVolumeTexture2D.uasset" 198
"../../../Engine/Content/EngineResources/DefaultVolumeTexture.uasset" 199
"../../../Engine/Content/EngineResources/GradientTexture0.uasset" 200
"../../../Engine/Content/EngineSounds/Master.uasset" 201
"../../../Engine/Content/Functions/Engine_MaterialFunctions01/Shading/ConvertFromDiffSpec.uasset" 202
"../../../Engine/Content/Functions/Engine_MaterialFunctions01/Shading/PowerToRoughness.uasset" 203
"../../../Engine/Content/Maps/Templates/Thumbnails/Default.uasset" 204
"../../../Engine/Content/Maps/Templates/Thumbnails/TimeOfDay.uasset" 205
"../../../Engine/Content/Maps/Templates/Thumbnails/VR-Basic.uasset" 206
"../../../Engine/Content/MobileResources/T_MobileControls_texture.uasset" 207
"../../../Engine/Content/MobileResources/T_MobileMenu2.uasset" 208
"../../../Engine/Content/MobileResources/HUD/AnalogHat.uasset" 209
"../../../Engine/Content/MobileResources/HUD/VirtualJoystick_Background.uasset" 210
"../../../Engine/Content/MobileResources/HUD/VirtualJoystick_Thumb.uasset" 211
"../../../Engine/Content/MobileResources/HUD/DefaultVirtualJoysticks.uasset" 212
"../../../Engine/Content/MobileResources/HUD/LeftVirtualJoystickOnly.uasset" 213
"../../../Engine/Content/MobileResources/HUD/MobileHUDButton1_off.uasset" 214
"../../../Engine/Content/MobileResources/HUD/MobileHUDButton1_on.uasset" 215
"../../../Engine/Content/MobileResources/HUD/MobileHUDButton2_off.uasset" 216
"../../../Engine/Content/MobileResources/HUD/MobileHUDButton2_on.uasset" 217
"../../../Engine/Content/MobileResources/HUD/MobileHUDButton3.uasset" 218
"../../../Engine/Content/MobileResources/HUD/MobileHUDButtonFire.uasset" 219
"../../../Engine/Content/MobileResources/HUD/MobileHUDDirectionPad.uasset" 220
"../../../Engine/Content/MobileResources/HUD/MobileHUDDirectionPad2.uasset" 221
"../../../Engine/Content/MobileResources/HUD/MobileHUDDirectionPad3.uasset" 222
"../../../Engine/Content/MobileResources/HUD/MobileHUDDirectionStick.uasset" 223
"../../../Engine/Content/MobileResources/HUD/T_Castle_ThumbstickInner.uasset" 224
"../../../Engine/Content/MobileResources/HUD/T_Castle_ThumbstickOutter.uasset" 225
"../../../Engine/Content/Tutorial/ContentIntroCurve.uasset" 226
"../../../Engine/Content/Tutorial/Basics/LevelEditorAttract.uasset" 227
"../../../Engine/Content/Tutorial/Basics/TutorialAssets/icon_tab_Levels_40x.uasset" 228
"../../../Engine/Content/Tutorial/Basics/LevelEditorOverview.uasset" 229
"../../../Engine/Content/Tutorial/BlueprintTutorials/TutorialAssets/Blueprint_64x.uasset" 230
"../../../Engine/Content/Tutorial/BlueprintTutorials/BlueprintEditorTutorial.uasset" 231
"../../../Engine/Content/Tutorial/SubEditors/GettingSubstance.uasset" 232
"../../../Engine/Content/VREditor/LaserPointer/VR_LaserPower_01.uasset" 233
"../../../Engine/Content/VREditor/TransformGizmo/TransformGizmoMaterial.uasset" 234
"../../../Engine/Content/VREditor/TransformGizmo/TranslucentTransformGizmoMaterial.uasset" 235
"../../../Engine/Content/VREditor/TransformGizmo/BoundingBoxCorner.uasset" 236
"../../../Engine/Content/VREditor/TransformGizmo/BoundingBoxEdge.uasset" 237
"../../../Engine/Content/VREditor/TransformGizmo/PlaneTranslationHandle.uasset" 238
"../../../Engine/Content/VREditor/TransformGizmo/Main.uasset" 239
"../../../Engine/Content/VREditor/TransformGizmo/Xray.uasset" 240
"../../../Engine/Content/VREditor/TransformGizmo/SM_Sequencer_Key.uasset" 241
"../../../Engine/Content/VREditor/TransformGizmo/SM_Sequencer_Node.uasset" 242
"../../Plugins/2D/Paper2D/Content/PlaceholderTextures/DummySpriteTexture.uasset" 243
"../../Plugins/2D/Paper2D/Content/DummySprite.uasset" 244
"../../Plugins/2D/Paper2D/Content/DefaultPaperTerrainMaterial.uasset" 245
"../../Plugins/2D/Paper2D/Content/DefaultSpriteMaterial.uasset" 246
"../../Plugins/2D/Paper2D/Content/MaskedUnlitSpriteMaterial.uasset" 247
"../../Plugins/2D/Paper2D/Content/OpaqueUnlitSpriteMaterial.uasset" 248
"../../Plugins/FX/Niagara/Content/Enums/ENiagaraBooleanLogicOps.uasset" 249
"../../Plugins/FX/Niagara/Content/Enums/ENiagaraCoordinateSpace.uasset" 250
"../../Plugins/FX/Niagara/Content/Enums/ENiagaraExpansionMode.uasset" 251
"../../Plugins/FX/Niagara/Content/Enums/ENiagaraOrientationAxis.uasset" 252
"../../Plugins/FX/Niagara/Content/Enums/ENiagaraRandomnessMode.uasset" 253
"../../../Engine/Content/Functions/Engine_MaterialFunctions02/Utility/BreakOutFloat4Components.uasset" 254
"../../../Engine/Content/Functions/Engine_MaterialFunctions02/Utility/MakeFloat2.uasset" 255
"../../../Engine/Content/Functions/Engine_MaterialFunctions02/Utility/MakeFloat3.uasset" 256
"../../Plugins/Runtime/Oculus/OculusVR/Content/Materials/OculusMR_ChromaKey.uasset" 257
"../../Plugins/Runtime/Oculus/OculusVR/Content/Materials/OculusMR_ChromaKey_Lit.uasset" 258
"../../Plugins/Runtime/Oculus/OculusVR/Content/Materials/OculusMR_OpaqueColoredMaterial.uasset" 259
"../../Plugins/Runtime/Oculus/OculusVR/Content/Materials/OculusMR_WhiteMaterial.uasset" 260
"../../../../../Create/Projects/Unreal/GamitronicsTest/Content/Maps/MainMenu.umap" 261
"../../../../../Create/Projects/Unreal/GamitronicsTest/Content/SkeletalMeshes/Character/Animations/ABP_Enemy.uasset" 262
"../../../../../Create/Projects/Unreal/GamitronicsTest/Content/StaticMeshes/Sphere/M_EnemyBullet.uasset" 263
"../../../../../Create/Projects/Unreal/GamitronicsTest/Content/Blueprints/Actors/BP_GunProjectileEnemy.uasset" 264
"../../../../../Create/Projects/Unreal/GamitronicsTest/Content/Blueprints/Actors/PickUp.uasset" 265
"../../../../../Create/Projects/Unreal/GamitronicsTest/Content/Materials/MI_Char_Enemy1.uasset" 266
"../../../../../Create/Projects/Unreal/GamitronicsTest/Content/Materials/MI_Char_Enemy2.uasset" 267
"../../../../../Create/Projects/Unreal/GamitronicsTest/Content/Materials/MI_Char_Enemy3.uasset" 268
"../../../../../Create/Projects/Unreal/GamitronicsTest/Content/UI/WB_EnemyHealth.uasset" 269
"../../../../../Create/Projects/Unreal/GamitronicsTest/Content/Blueprints/Actors/Chars/CharEnemy.uasset" 270
"../../../../../Create/Projects/Unreal/GamitronicsTest/Content/StaticMeshes/Help.uasset" 271
"../../../../../Create/Projects/Unreal/GamitronicsTest/Content/Blueprints/Actors/Help.uasset" 272
"../../../../../Create/Projects/Unreal/GamitronicsTest/Content/Textures/Tron_Background.uasset" 273
"../../../../../Create/Projects/Unreal/GamitronicsTest/Content/Materials/M_Door.uasset" 274
"../../../../../Create/Projects/Unreal/GamitronicsTest/Content/Materials/M_LevelTile.uasset" 275
"../../../../../Create/Projects/Unreal/GamitronicsTest/Content/Materials/M_Wall.uasset" 276
"../../../../../Create/Projects/Unreal/GamitronicsTest/Content/StaticMeshes/BoxStand.uasset" 277
"../../../../../Create/Projects/Unreal/GamitronicsTest/Content/StaticMeshes/Door.uasset" 278
"../../../../../Create/Projects/Unreal/GamitronicsTest/Content/StaticMeshes/FloorTile.uasset" 279
"../../../../../Create/Projects/Unreal/GamitronicsTest/Content/StaticMeshes/MidRamp.uasset" 280
"../../../../../Create/Projects/Unreal/GamitronicsTest/Content/StaticMeshes/SmallStand.uasset" 281
"../../../../../Create/Projects/Unreal/GamitronicsTest/Content/StaticMeshes/Stairs.uasset" 282
"../../../../../Create/Projects/Unreal/GamitronicsTest/Content/StaticMeshes/WallTile.uasset" 283
"../../../../../Create/Projects/Unreal/GamitronicsTest/Content/Maps/MaP.umap" 284
"../../../Engine/Content/Maps/Entry_BuiltData.uasset" 285
"../../../Engine/Content/Maps/Entry.umap" 286
